Determining if the pthread_create exist failed with the following output:
Change Dir: /home/ntauthority/Desktop/CERN-HSF/yampl/cmake-build-debug/CMakeFiles/CMakeTmp

Run Build Command:"/usr/bin/make" "cmTC_31682/fast"
make[1]: Entering directory '/home/ntauthority/Desktop/CERN-HSF/yampl/cmake-build-debug/CMakeFiles/CMakeTmp'
/usr/bin/make -f CMakeFiles/cmTC_31682.dir/build.make CMakeFiles/cmTC_31682.dir/build
make[2]: Entering directory '/home/ntauthority/Desktop/CERN-HSF/yampl/cmake-build-debug/CMakeFiles/CMakeTmp'
Building C object CMakeFiles/cmTC_31682.dir/CheckSymbolExists.c.o
/usr/bin/cc    -o CMakeFiles/cmTC_31682.dir/CheckSymbolExists.c.o   -c /home/ntauthority/Desktop/CERN-HSF/yampl/cmake-build-debug/CMakeFiles/CMakeTmp/CheckSymbolExists.c
Linking C executable cmTC_31682
/home/ntauthority/Downloads/clion-2017.3.3/bin/cmake/bin/cmake -E cmake_link_script CMakeFiles/cmTC_31682.dir/link.txt --verbose=1
/usr/bin/cc      CMakeFiles/cmTC_31682.dir/CheckSymbolExists.c.o  -o cmTC_31682 
CMakeFiles/cmTC_31682.dir/CheckSymbolExists.c.o: In function `main':
CheckSymbolExists.c:(.text+0x1b): undefined reference to `pthread_create'
collect2: error: ld returned 1 exit status
CMakeFiles/cmTC_31682.dir/build.make:97: recipe for target 'cmTC_31682' failed
make[2]: *** [cmTC_31682] Error 1
make[2]: Leaving directory '/home/ntauthority/Desktop/CERN-HSF/yampl/cmake-build-debug/CMakeFiles/CMakeTmp'
Makefile:126: recipe for target 'cmTC_31682/fast' failed
make[1]: *** [cmTC_31682/fast] Error 2
make[1]: Leaving directory '/home/ntauthority/Desktop/CERN-HSF/yampl/cmake-build-debug/CMakeFiles/CMakeTmp'

File /home/ntauthority/Desktop/CERN-HSF/yampl/cmake-build-debug/CMakeFiles/CMakeTmp/CheckSymbolExists.c:
/* */
#include <pthread.h>

int main(int argc, char** argv)
{
  (void)argv;
#ifndef pthread_create
  return ((int*)(&pthread_create))[argc];
#else
  (void)argc;
  return 0;
#endif
}

Determining if the function pthread_create exists in the pthreads failed with the following output:
Change Dir: /home/ntauthority/Desktop/CERN-HSF/yampl/cmake-build-debug/CMakeFiles/CMakeTmp

Run Build Command:"/usr/bin/make" "cmTC_55b01/fast"
make[1]: Entering directory '/home/ntauthority/Desktop/CERN-HSF/yampl/cmake-build-debug/CMakeFiles/CMakeTmp'
/usr/bin/make -f CMakeFiles/cmTC_55b01.dir/build.make CMakeFiles/cmTC_55b01.dir/build
make[2]: Entering directory '/home/ntauthority/Desktop/CERN-HSF/yampl/cmake-build-debug/CMakeFiles/CMakeTmp'
Building C object CMakeFiles/cmTC_55b01.dir/CheckFunctionExists.c.o
/usr/bin/cc   -DCHECK_FUNCTION_EXISTS=pthread_create   -o CMakeFiles/cmTC_55b01.dir/CheckFunctionExists.c.o   -c /home/ntauthority/Downloads/clion-2017.3.3/bin/cmake/share/cmake-3.9/Modules/CheckFunctionExists.c
Linking C executable cmTC_55b01
/home/ntauthority/Downloads/clion-2017.3.3/bin/cmake/bin/cmake -E cmake_link_script CMakeFiles/cmTC_55b01.dir/link.txt --verbose=1
/usr/bin/cc  -DCHECK_FUNCTION_EXISTS=pthread_create    CMakeFiles/cmTC_55b01.dir/CheckFunctionExists.c.o  -o cmTC_55b01 -lpthreads 
/usr/bin/ld: cannot find -lpthreads
collect2: error: ld returned 1 exit status
CMakeFiles/cmTC_55b01.dir/build.make:97: recipe for target 'cmTC_55b01' failed
make[2]: *** [cmTC_55b01] Error 1
make[2]: Leaving directory '/home/ntauthority/Desktop/CERN-HSF/yampl/cmake-build-debug/CMakeFiles/CMakeTmp'
Makefile:126: recipe for target 'cmTC_55b01/fast' failed
make[1]: *** [cmTC_55b01/fast] Error 2
make[1]: Leaving directory '/home/ntauthority/Desktop/CERN-HSF/yampl/cmake-build-debug/CMakeFiles/CMakeTmp'


